0 info it worked if it ends with ok
1 verbose cli [ 'C:\\Program Files\\nodejs\\node.exe',
1 verbose cli   'C:\\Program Files\\nodejs\\node_modules\\npm\\bin\\npm-cli.js',
1 verbose cli   'run',
1 verbose cli   'watch' ]
2 info using npm@3.10.10
3 info using node@v6.12.2
4 verbose run-script [ 'prewatch', 'watch', 'postwatch' ]
5 info lifecycle @~prewatch: @
6 silly lifecycle @~prewatch: no script for prewatch, continuing
7 info lifecycle @~watch: @
8 verbose lifecycle @~watch: unsafe-perm in lifecycle true
9 verbose lifecycle @~watch: PATH: C:\Program Files\nodejs\node_modules\npm\bin\node-gyp-bin;D:\phpStudy\WWW\test\autopage\node_modules\.bin;D:\cmder\bin;D:\cmder\vendor\conemu-maximus5\ConEmu\Scripts;D:\cmder\vendor\conemu-maximus5;D:\cmder\vendor\conemu-maximus5\ConEmu;D:\Python27\;D:\Python27\Scripts;C:\Program Files (x86)\Common Files\NetSarang;c:\programdata\oracle\java\javapath;C:\WINDOWS\system32;C:\WINDOWS;C:\WINDOWS\system32\wbem;C:\WINDOWS\system32\windowspowershell\v1.0\;d:\wamp\bin\mysql\mysql5.6.17\bin;D:\Program Files\MATLAB\R2015b\runtime\win64;D:\Program Files\MATLAB\R2015b\bin;D:\Program Files\MATLAB\R2015b\polyspace\bin;C:\WINDOWS\system32;C:\WINDOWS;C:\WINDOWS\System32\Wbem;C:\WINDOWS\System32\WindowsPowerShell\v1.0\;D:\Users\qianjie\AppData\Local\Android\sdk\platform-tools;D:\Program Files\Java\jdk1.8.0_77\bin;D:\Program Files\Git\cmd;C:\Program Files (x86)\Windows Kits\8.1\Windows Performance Toolkit\;D:\Strawberry\c\bin;D:\Strawberry\perl\site\bin;D:\Strawberry\perl\bin;C:\ProgramData\ComposerSetup\bin;D:\phpStudy\php\php-7.0.12-nts;C:\Program Files\nodejs\;C:\Program Files\MySQL\MySQL Utilities 1.6\;C:\Users\qianjie\AppData\Local\Microsoft\WindowsApps;D:\Program Files (x86)\Nmap;C:\Users\qianjie\AppData\Local\atom\bin;C:\Program Files (x86)\MaShang6\bin;C:\Users\qianjie\AppData\Roaming\Composer\vendor\bin;C:\Users\qianjie\AppData\Roaming\npm;D:\Program Files\Git\usr\bin;D:\Program Files\Git\usr\share\vim\vim74;D:\cmder\
10 verbose lifecycle @~watch: CWD: D:\phpStudy\WWW\test\autopage
11 silly lifecycle @~watch: Args: [ '/d /s /c',
11 silly lifecycle   'cross-env NODE_ENV=dev node_modules/webpack/bin/webpack.js --watch --progress --hide-modules --config=build/webpack.dev.js' ]
12 verbose stack Error: kill ENOSYS
12 verbose stack     at Object.exports._errnoException (util.js:1020:11)
12 verbose stack     at process.kill (internal/process.js:191:18)
12 verbose stack     at process.listener (C:\Program Files\nodejs\node_modules\npm\node_modules\npmlog\node_modules\gauge\node_modules\signal-exit\index.js:86:15)
12 verbose stack     at emitNone (events.js:91:20)
12 verbose stack     at process.emit (events.js:185:7)
12 verbose stack     at processEmit (C:\Program Files\nodejs\node_modules\npm\node_modules\npmlog\node_modules\gauge\node_modules\signal-exit\index.js:146:32)
12 verbose stack     at processEmit (C:\Program Files\nodejs\node_modules\npm\node_modules\npm-registry-client\node_modules\npmlog\node_modules\gauge\node_modules\signal-exit\index.js:146:32)
12 verbose stack     at Signal.wrap.onsignal (internal/process.js:217:44)
13 verbose cwd D:\phpStudy\WWW\test\autopage
14 error Windows_NT 10.0.14393
15 error argv "C:\\Program Files\\nodejs\\node.exe" "C:\\Program Files\\nodejs\\node_modules\\npm\\bin\\npm-cli.js" "run" "watch"
16 error node v6.12.2
17 error npm  v3.10.10
18 error code ENOSYS
19 error errno ENOSYS
20 error syscall kill
21 error kill ENOSYS
22 error If you need help, you may report this error at:
22 error     <https://github.com/npm/npm/issues>
23 verbose exit [ 1, true ]
